{"C:\\Users\\ACER\\My Drive\\Hacktiv8\\fase 2\\12-12-23\\ip-faisalyudiansah\\server\\app.js": {"path":"C:\\Users\\ACER\\My Drive\\Hacktiv8\\fase 2\\12-12-23\\ip-faisalyudiansah\\server\\app.js","statementMap":{"0":{"start":{"line":1,"column":0},"end":{"line":3,"column":1}},"1":{"start":{"line":2,"column":4},"end":{"line":2,"column":30}},"2":{"start":{"line":5,"column":16},"end":{"line":5,"column":34}},"3":{"start":{"line":6,"column":13},"end":{"line":6,"column":28}},"4":{"start":{"line":7,"column":12},"end":{"line":7,"column":21}},"5":{"start":{"line":8,"column":15},"end":{"line":8,"column":34}},"6":{"start":{"line":9,"column":13},"end":{"line":9,"column":37}},"7":{"start":{"line":11,"column":0},"end":{"line":11,"column":15}},"8":{"start":{"line":12,"column":0},"end":{"line":12,"column":47}},"9":{"start":{"line":13,"column":0},"end":{"line":13,"column":23}},"10":{"start":{"line":14,"column":0},"end":{"line":14,"column":15}},"11":{"start":{"line":16,"column":0},"end":{"line":16,"column":30}}},"fnMap":{},"branchMap":{"0":{"loc":{"start":{"line":1,"column":0},"end":{"line":3,"column":1}},"type":"if","locations":[{"start":{"line":1,"column":0},"end":{"line":3,"column":1}},{"start":{},"end":{}}],"line":1},"1":{"loc":{"start":{"line":9,"column":13},"end":{"line":9,"column":37}},"type":"binary-expr","locations":[{"start":{"line":9,"column":13},"end":{"line":9,"column":29}},{"start":{"line":9,"column":33},"end":{"line":9,"column":37}}],"line":9}},"s":{"0":2,"1":2,"2":2,"3":2,"4":2,"5":2,"6":2,"7":2,"8":2,"9":2,"10":2,"11":2},"f":{},"b":{"0":[2,0],"1":[2,2]},"_coverageSchema":"1a1c01bbd47fc00a2c39e90264f33305004495a9","hash":"ee4488d4faf3470655d319af72d7f575d34544c0"}
,"C:\\Users\\ACER\\My Drive\\Hacktiv8\\fase 2\\12-12-23\\ip-faisalyudiansah\\server\\controllers\\ChatController.js": {"path":"C:\\Users\\ACER\\My Drive\\Hacktiv8\\fase 2\\12-12-23\\ip-faisalyudiansah\\server\\controllers\\ChatController.js","statementMap":{"0":{"start":{"line":1,"column":45},"end":{"line":1,"column":65}},"1":{"start":{"line":2,"column":15},"end":{"line":2,"column":35}},"2":{"start":{"line":6,"column":8},"end":{"line":36,"column":9}},"3":{"start":{"line":7,"column":28},"end":{"line":7,"column":39}},"4":{"start":{"line":8,"column":32},"end":{"line":8,"column":57}},"5":{"start":{"line":9,"column":33},"end":{"line":22,"column":14}},"6":{"start":{"line":23,"column":12},"end":{"line":25,"column":13}},"7":{"start":{"line":24,"column":16},"end":{"line":24,"column":51}},"8":{"start":{"line":26,"column":26},"end":{"line":29,"column":14}},"9":{"start":{"line":30,"column":12},"end":{"line":33,"column":14}},"10":{"start":{"line":35,"column":12},"end":{"line":35,"column":23}},"11":{"start":{"line":40,"column":8},"end":{"line":66,"column":9}},"12":{"start":{"line":41,"column":31},"end":{"line":58,"column":14}},"13":{"start":{"line":59,"column":12},"end":{"line":63,"column":13}},"14":{"start":{"line":60,"column":16},"end":{"line":60,"column":57}},"15":{"start":{"line":62,"column":16},"end":{"line":62,"column":47}},"16":{"start":{"line":65,"column":12},"end":{"line":65,"column":23}},"17":{"start":{"line":70,"column":8},"end":{"line":83,"column":9}},"18":{"start":{"line":71,"column":12},"end":{"line":73,"column":13}},"19":{"start":{"line":72,"column":16},"end":{"line":72,"column":47}},"20":{"start":{"line":74,"column":29},"end":{"line":79,"column":14}},"21":{"start":{"line":80,"column":12},"end":{"line":80,"column":51}},"22":{"start":{"line":82,"column":12},"end":{"line":82,"column":23}},"23":{"start":{"line":87,"column":8},"end":{"line":97,"column":9}},"24":{"start":{"line":88,"column":26},"end":{"line":93,"column":14}},"25":{"start":{"line":94,"column":12},"end":{"line":94,"column":48}},"26":{"start":{"line":96,"column":12},"end":{"line":96,"column":23}},"27":{"start":{"line":102,"column":0},"end":{"line":102,"column":31}}},"fnMap":{"0":{"name":"(anonymous_0)","decl":{"start":{"line":5,"column":4},"end":{"line":5,"column":5}},"loc":{"start":{"line":5,"column":48},"end":{"line":37,"column":5}},"line":5},"1":{"name":"(anonymous_1)","decl":{"start":{"line":39,"column":4},"end":{"line":39,"column":5}},"loc":{"start":{"line":39,"column":46},"end":{"line":67,"column":5}},"line":39},"2":{"name":"(anonymous_2)","decl":{"start":{"line":69,"column":4},"end":{"line":69,"column":5}},"loc":{"start":{"line":69,"column":47},"end":{"line":84,"column":5}},"line":69},"3":{"name":"(anonymous_3)","decl":{"start":{"line":86,"column":4},"end":{"line":86,"column":5}},"loc":{"start":{"line":86,"column":44},"end":{"line":98,"column":5}},"line":86}},"branchMap":{"0":{"loc":{"start":{"line":23,"column":12},"end":{"line":25,"column":13}},"type":"if","locations":[{"start":{"line":23,"column":12},"end":{"line":25,"column":13}},{"start":{},"end":{}}],"line":23},"1":{"loc":{"start":{"line":59,"column":12},"end":{"line":63,"column":13}},"type":"if","locations":[{"start":{"line":59,"column":12},"end":{"line":63,"column":13}},{"start":{"line":61,"column":19},"end":{"line":63,"column":13}}],"line":59},"2":{"loc":{"start":{"line":71,"column":12},"end":{"line":73,"column":13}},"type":"if","locations":[{"start":{"line":71,"column":12},"end":{"line":73,"column":13}},{"start":{},"end":{}}],"line":71}},"s":{"0":2,"1":2,"2":2,"3":2,"4":2,"5":2,"6":2,"7":1,"8":1,"9":1,"10":1,"11":1,"12":1,"13":1,"14":1,"15":0,"16":0,"17":2,"18":2,"19":1,"20":1,"21":1,"22":1,"23":1,"24":1,"25":1,"26":0,"27":2},"f":{"0":2,"1":1,"2":2,"3":1},"b":{"0":[1,1],"1":[1,0],"2":[1,1]},"_coverageSchema":"1a1c01bbd47fc00a2c39e90264f33305004495a9","hash":"9dc7e6bb546360516272157293c71a78e1829843"}
,"C:\\Users\\ACER\\My Drive\\Hacktiv8\\fase 2\\12-12-23\\ip-faisalyudiansah\\server\\controllers\\LoginController.js": {"path":"C:\\Users\\ACER\\My Drive\\Hacktiv8\\fase 2\\12-12-23\\ip-faisalyudiansah\\server\\controllers\\LoginController.js","statementMap":{"0":{"start":{"line":1,"column":28},"end":{"line":1,"column":56}},"1":{"start":{"line":2,"column":22},"end":{"line":2,"column":47}},"2":{"start":{"line":3,"column":30},"end":{"line":3,"column":50}},"3":{"start":{"line":4,"column":25},"end":{"line":4,"column":55}},"4":{"start":{"line":8,"column":8},"end":{"line":26,"column":9}},"5":{"start":{"line":9,"column":68},"end":{"line":9,"column":76}},"6":{"start":{"line":10,"column":23},"end":{"line":10,"column":89}},"7":{"start":{"line":11,"column":12},"end":{"line":18,"column":14}},"8":{"start":{"line":19,"column":12},"end":{"line":23,"column":14}},"9":{"start":{"line":25,"column":12},"end":{"line":25,"column":23}},"10":{"start":{"line":30,"column":8},"end":{"line":56,"column":9}},"11":{"start":{"line":31,"column":38},"end":{"line":31,"column":46}},"12":{"start":{"line":32,"column":12},"end":{"line":34,"column":13}},"13":{"start":{"line":33,"column":16},"end":{"line":33,"column":52}},"14":{"start":{"line":35,"column":12},"end":{"line":37,"column":13}},"15":{"start":{"line":36,"column":16},"end":{"line":36,"column":49}},"16":{"start":{"line":39,"column":26},"end":{"line":39,"column":28}},"17":{"start":{"line":40,"column":12},"end":{"line":40,"column":37}},"18":{"start":{"line":42,"column":23},"end":{"line":42,"column":50}},"19":{"start":{"line":43,"column":12},"end":{"line":45,"column":13}},"20":{"start":{"line":44,"column":16},"end":{"line":44,"column":47}},"21":{"start":{"line":47,"column":32},"end":{"line":47,"column":72}},"22":{"start":{"line":48,"column":12},"end":{"line":50,"column":13}},"23":{"start":{"line":49,"column":16},"end":{"line":49,"column":50}},"24":{"start":{"line":52,"column":31},"end":{"line":52,"column":46}},"25":{"start":{"line":53,"column":12},"end":{"line":53,"column":75}},"26":{"start":{"line":55,"column":12},"end":{"line":55,"column":23}},"27":{"start":{"line":60,"column":8},"end":{"line":95,"column":9}},"28":{"start":{"line":61,"column":24},"end":{"line":61,"column":51}},"29":{"start":{"line":62,"column":27},"end":{"line":62,"column":45}},"30":{"start":{"line":63,"column":27},"end":{"line":66,"column":14}},"31":{"start":{"line":67,"column":28},"end":{"line":67,"column":47}},"32":{"start":{"line":68,"column":26},"end":{"line":68,"column":42}},"33":{"start":{"line":70,"column":23},"end":{"line":72,"column":14}},"34":{"start":{"line":73,"column":12},"end":{"line":90,"column":13}},"35":{"start":{"line":74,"column":16},"end":{"line":80,"column":18}},"36":{"start":{"line":81,"column":16},"end":{"line":89,"column":18}},"37":{"start":{"line":91,"column":31},"end":{"line":91,"column":57}},"38":{"start":{"line":92,"column":12},"end":{"line":92,"column":57}},"39":{"start":{"line":94,"column":12},"end":{"line":94,"column":23}},"40":{"start":{"line":99,"column":0},"end":{"line":99,"column":32}}},"fnMap":{"0":{"name":"(anonymous_0)","decl":{"start":{"line":7,"column":4},"end":{"line":7,"column":5}},"loc":{"start":{"line":7,"column":42},"end":{"line":27,"column":5}},"line":7},"1":{"name":"(anonymous_1)","decl":{"start":{"line":29,"column":4},"end":{"line":29,"column":5}},"loc":{"start":{"line":29,"column":39},"end":{"line":57,"column":5}},"line":29},"2":{"name":"(anonymous_2)","decl":{"start":{"line":59,"column":4},"end":{"line":59,"column":5}},"loc":{"start":{"line":59,"column":45},"end":{"line":96,"column":5}},"line":59}},"branchMap":{"0":{"loc":{"start":{"line":32,"column":12},"end":{"line":34,"column":13}},"type":"if","locations":[{"start":{"line":32,"column":12},"end":{"line":34,"column":13}},{"start":{},"end":{}}],"line":32},"1":{"loc":{"start":{"line":35,"column":12},"end":{"line":37,"column":13}},"type":"if","locations":[{"start":{"line":35,"column":12},"end":{"line":37,"column":13}},{"start":{},"end":{}}],"line":35},"2":{"loc":{"start":{"line":43,"column":12},"end":{"line":45,"column":13}},"type":"if","locations":[{"start":{"line":43,"column":12},"end":{"line":45,"column":13}},{"start":{},"end":{}}],"line":43},"3":{"loc":{"start":{"line":48,"column":12},"end":{"line":50,"column":13}},"type":"if","locations":[{"start":{"line":48,"column":12},"end":{"line":50,"column":13}},{"start":{},"end":{}}],"line":48},"4":{"loc":{"start":{"line":73,"column":12},"end":{"line":90,"column":13}},"type":"if","locations":[{"start":{"line":73,"column":12},"end":{"line":90,"column":13}},{"start":{},"end":{}}],"line":73}},"s":{"0":2,"1":2,"2":2,"3":2,"4":17,"5":17,"6":17,"7":1,"8":1,"9":16,"10":5,"11":5,"12":5,"13":1,"14":4,"15":1,"16":3,"17":3,"18":3,"19":3,"20":1,"21":2,"22":2,"23":1,"24":1,"25":1,"26":4,"27":0,"28":0,"29":0,"30":0,"31":0,"32":0,"33":0,"34":0,"35":0,"36":0,"37":0,"38":0,"39":0,"40":2},"f":{"0":17,"1":5,"2":0},"b":{"0":[1,4],"1":[1,3],"2":[1,2],"3":[1,1],"4":[0,0]},"_coverageSchema":"1a1c01bbd47fc00a2c39e90264f33305004495a9","hash":"2542e82fbe7ffcd09687715a620b6d820a72ab00"}
,"C:\\Users\\ACER\\My Drive\\Hacktiv8\\fase 2\\12-12-23\\ip-faisalyudiansah\\server\\controllers\\PaymentController.js": {"path":"C:\\Users\\ACER\\My Drive\\Hacktiv8\\fase 2\\12-12-23\\ip-faisalyudiansah\\server\\controllers\\PaymentController.js","statementMap":{"0":{"start":{"line":1,"column":23},"end":{"line":1,"column":49}},"1":{"start":{"line":2,"column":24},"end":{"line":2,"column":44}},"2":{"start":{"line":5,"column":8},"end":{"line":45,"column":9}},"3":{"start":{"line":6,"column":23},"end":{"line":9,"column":14}},"4":{"start":{"line":11,"column":28},"end":{"line":13,"column":14}},"5":{"start":{"line":14,"column":25},"end":{"line":14,"column":57}},"6":{"start":{"line":15,"column":24},"end":{"line":20,"column":14}},"7":{"start":{"line":21,"column":28},"end":{"line":40,"column":13}},"8":{"start":{"line":41,"column":27},"end":{"line":41,"column":66}},"9":{"start":{"line":42,"column":12},"end":{"line":42,"column":42}},"10":{"start":{"line":44,"column":12},"end":{"line":44,"column":23}},"11":{"start":{"line":49,"column":8},"end":{"line":92,"column":9}},"12":{"start":{"line":50,"column":33},"end":{"line":50,"column":41}},"13":{"start":{"line":51,"column":26},"end":{"line":51,"column":49}},"14":{"start":{"line":52,"column":36},"end":{"line":52,"column":69}},"15":{"start":{"line":53,"column":30},"end":{"line":53,"column":57}},"16":{"start":{"line":55,"column":12},"end":{"line":55,"column":155}},"17":{"start":{"line":57,"column":24},"end":{"line":61,"column":14}},"18":{"start":{"line":63,"column":33},"end":{"line":74,"column":13}},"19":{"start":{"line":64,"column":16},"end":{"line":66,"column":18}},"20":{"start":{"line":67,"column":16},"end":{"line":73,"column":18}},"21":{"start":{"line":76,"column":12},"end":{"line":88,"column":13}},"22":{"start":{"line":77,"column":16},"end":{"line":79,"column":17}},"23":{"start":{"line":78,"column":20},"end":{"line":78,"column":42}},"24":{"start":{"line":80,"column":19},"end":{"line":88,"column":13}},"25":{"start":{"line":81,"column":16},"end":{"line":81,"column":38}},"26":{"start":{"line":82,"column":19},"end":{"line":88,"column":13}},"27":{"start":{"line":85,"column":16},"end":{"line":87,"column":18}},"28":{"start":{"line":89,"column":12},"end":{"line":89,"column":64}},"29":{"start":{"line":91,"column":12},"end":{"line":91,"column":23}},"30":{"start":{"line":96,"column":0},"end":{"line":96,"column":34}}},"fnMap":{"0":{"name":"(anonymous_0)","decl":{"start":{"line":4,"column":4},"end":{"line":4,"column":5}},"loc":{"start":{"line":4,"column":50},"end":{"line":46,"column":5}},"line":4},"1":{"name":"(anonymous_1)","decl":{"start":{"line":48,"column":4},"end":{"line":48,"column":5}},"loc":{"start":{"line":48,"column":57},"end":{"line":93,"column":5}},"line":48},"2":{"name":"(anonymous_2)","decl":{"start":{"line":63,"column":33},"end":{"line":63,"column":34}},"loc":{"start":{"line":63,"column":45},"end":{"line":74,"column":13}},"line":63}},"branchMap":{"0":{"loc":{"start":{"line":14,"column":25},"end":{"line":14,"column":57}},"type":"cond-expr","locations":[{"start":{"line":14,"column":37},"end":{"line":14,"column":53}},{"start":{"line":14,"column":56},"end":{"line":14,"column":57}}],"line":14},"1":{"loc":{"start":{"line":76,"column":12},"end":{"line":88,"column":13}},"type":"if","locations":[{"start":{"line":76,"column":12},"end":{"line":88,"column":13}},{"start":{"line":80,"column":19},"end":{"line":88,"column":13}}],"line":76},"2":{"loc":{"start":{"line":77,"column":16},"end":{"line":79,"column":17}},"type":"if","locations":[{"start":{"line":77,"column":16},"end":{"line":79,"column":17}},{"start":{},"end":{}}],"line":77},"3":{"loc":{"start":{"line":80,"column":19},"end":{"line":88,"column":13}},"type":"if","locations":[{"start":{"line":80,"column":19},"end":{"line":88,"column":13}},{"start":{"line":82,"column":19},"end":{"line":88,"column":13}}],"line":80},"4":{"loc":{"start":{"line":82,"column":19},"end":{"line":88,"column":13}},"type":"if","locations":[{"start":{"line":82,"column":19},"end":{"line":88,"column":13}},{"start":{},"end":{}}],"line":82},"5":{"loc":{"start":{"line":82,"column":23},"end":{"line":84,"column":45}},"type":"binary-expr","locations":[{"start":{"line":82,"column":23},"end":{"line":82,"column":52}},{"start":{"line":83,"column":16},"end":{"line":83,"column":43}},{"start":{"line":84,"column":16},"end":{"line":84,"column":45}}],"line":82}},"s":{"0":2,"1":2,"2":0,"3":0,"4":0,"5":0,"6":0,"7":0,"8":0,"9":0,"10":0,"11":0,"12":0,"13":0,"14":0,"15":0,"16":0,"17":0,"18":0,"19":0,"20":0,"21":0,"22":0,"23":0,"24":0,"25":0,"26":0,"27":0,"28":0,"29":0,"30":2},"f":{"0":0,"1":0,"2":0},"b":{"0":[0,0],"1":[0,0],"2":[0,0],"3":[0,0],"4":[0,0],"5":[0,0,0]},"_coverageSchema":"1a1c01bbd47fc00a2c39e90264f33305004495a9","hash":"1338cf1adc8c3e503e6557df44bf1e91d2dc1eff"}
,"C:\\Users\\ACER\\My Drive\\Hacktiv8\\fase 2\\12-12-23\\ip-faisalyudiansah\\server\\controllers\\UserController.js": {"path":"C:\\Users\\ACER\\My Drive\\Hacktiv8\\fase 2\\12-12-23\\ip-faisalyudiansah\\server\\controllers\\UserController.js","statementMap":{"0":{"start":{"line":1,"column":42},"end":{"line":1,"column":62}},"1":{"start":{"line":2,"column":18},"end":{"line":2,"column":38}},"2":{"start":{"line":3,"column":15},"end":{"line":3,"column":35}},"3":{"start":{"line":7,"column":8},"end":{"line":44,"column":9}},"4":{"start":{"line":8,"column":33},"end":{"line":8,"column":44}},"5":{"start":{"line":9,"column":31},"end":{"line":9,"column":66}},"6":{"start":{"line":11,"column":26},"end":{"line":22,"column":13}},"7":{"start":{"line":24,"column":12},"end":{"line":26,"column":13}},"8":{"start":{"line":25,"column":16},"end":{"line":25,"column":72}},"9":{"start":{"line":28,"column":28},"end":{"line":30,"column":14}},"10":{"start":{"line":32,"column":23},"end":{"line":32,"column":50}},"11":{"start":{"line":33,"column":12},"end":{"line":35,"column":13}},"12":{"start":{"line":34,"column":16},"end":{"line":34,"column":49}},"13":{"start":{"line":37,"column":12},"end":{"line":41,"column":14}},"14":{"start":{"line":43,"column":12},"end":{"line":43,"column":23}},"15":{"start":{"line":48,"column":8},"end":{"line":64,"column":9}},"16":{"start":{"line":49,"column":23},"end":{"line":56,"column":14}},"17":{"start":{"line":57,"column":12},"end":{"line":59,"column":13}},"18":{"start":{"line":58,"column":16},"end":{"line":58,"column":47}},"19":{"start":{"line":61,"column":12},"end":{"line":61,"column":38}},"20":{"start":{"line":63,"column":12},"end":{"line":63,"column":23}},"21":{"start":{"line":68,"column":8},"end":{"line":91,"column":9}},"22":{"start":{"line":69,"column":23},"end":{"line":76,"column":14}},"23":{"start":{"line":77,"column":12},"end":{"line":88,"column":13}},"24":{"start":{"line":78,"column":16},"end":{"line":78,"column":47}},"25":{"start":{"line":80,"column":131},"end":{"line":80,"column":139}},"26":{"start":{"line":81,"column":16},"end":{"line":81,"column":78}},"27":{"start":{"line":82,"column":16},"end":{"line":86,"column":18}},"28":{"start":{"line":87,"column":16},"end":{"line":87,"column":80}},"29":{"start":{"line":90,"column":12},"end":{"line":90,"column":23}},"30":{"start":{"line":95,"column":8},"end":{"line":112,"column":9}},"31":{"start":{"line":96,"column":23},"end":{"line":103,"column":14}},"32":{"start":{"line":104,"column":12},"end":{"line":109,"column":13}},"33":{"start":{"line":105,"column":16},"end":{"line":105,"column":47}},"34":{"start":{"line":107,"column":16},"end":{"line":107,"column":36}},"35":{"start":{"line":108,"column":16},"end":{"line":108,"column":78}},"36":{"start":{"line":111,"column":12},"end":{"line":111,"column":23}},"37":{"start":{"line":116,"column":8},"end":{"line":158,"column":9}},"38":{"start":{"line":117,"column":23},"end":{"line":117,"column":55}},"39":{"start":{"line":118,"column":12},"end":{"line":120,"column":13}},"40":{"start":{"line":119,"column":16},"end":{"line":119,"column":47}},"41":{"start":{"line":121,"column":33},"end":{"line":121,"column":71}},"42":{"start":{"line":122,"column":12},"end":{"line":124,"column":13}},"43":{"start":{"line":123,"column":16},"end":{"line":123,"column":47}},"44":{"start":{"line":125,"column":37},"end":{"line":130,"column":14}},"45":{"start":{"line":131,"column":12},"end":{"line":133,"column":13}},"46":{"start":{"line":132,"column":16},"end":{"line":132,"column":47}},"47":{"start":{"line":135,"column":12},"end":{"line":155,"column":13}},"48":{"start":{"line":136,"column":16},"end":{"line":144,"column":17}},"49":{"start":{"line":137,"column":20},"end":{"line":137,"column":58}},"50":{"start":{"line":138,"column":20},"end":{"line":142,"column":22}},"51":{"start":{"line":143,"column":20},"end":{"line":143,"column":87}},"52":{"start":{"line":145,"column":16},"end":{"line":147,"column":17}},"53":{"start":{"line":146,"column":20},"end":{"line":146,"column":51}},"54":{"start":{"line":149,"column":16},"end":{"line":153,"column":18}},"55":{"start":{"line":154,"column":16},"end":{"line":154,"column":83}},"56":{"start":{"line":157,"column":12},"end":{"line":157,"column":23}},"57":{"start":{"line":162,"column":8},"end":{"line":204,"column":9}},"58":{"start":{"line":163,"column":23},"end":{"line":163,"column":55}},"59":{"start":{"line":164,"column":12},"end":{"line":166,"column":13}},"60":{"start":{"line":165,"column":16},"end":{"line":165,"column":47}},"61":{"start":{"line":167,"column":33},"end":{"line":167,"column":71}},"62":{"start":{"line":168,"column":12},"end":{"line":170,"column":13}},"63":{"start":{"line":169,"column":16},"end":{"line":169,"column":47}},"64":{"start":{"line":171,"column":37},"end":{"line":176,"column":14}},"65":{"start":{"line":177,"column":12},"end":{"line":179,"column":13}},"66":{"start":{"line":178,"column":16},"end":{"line":178,"column":47}},"67":{"start":{"line":181,"column":12},"end":{"line":201,"column":13}},"68":{"start":{"line":182,"column":16},"end":{"line":190,"column":17}},"69":{"start":{"line":183,"column":20},"end":{"line":183,"column":58}},"70":{"start":{"line":184,"column":20},"end":{"line":188,"column":22}},"71":{"start":{"line":189,"column":20},"end":{"line":189,"column":90}},"72":{"start":{"line":191,"column":16},"end":{"line":193,"column":17}},"73":{"start":{"line":192,"column":20},"end":{"line":192,"column":51}},"74":{"start":{"line":195,"column":16},"end":{"line":199,"column":18}},"75":{"start":{"line":200,"column":16},"end":{"line":200,"column":86}},"76":{"start":{"line":203,"column":12},"end":{"line":203,"column":23}},"77":{"start":{"line":208,"column":8},"end":{"line":252,"column":9}},"78":{"start":{"line":209,"column":35},"end":{"line":209,"column":46}},"79":{"start":{"line":211,"column":31},"end":{"line":216,"column":14}},"80":{"start":{"line":218,"column":35},"end":{"line":223,"column":14}},"81":{"start":{"line":225,"column":33},"end":{"line":227,"column":13}},"82":{"start":{"line":226,"column":16},"end":{"line":226,"column":79}},"83":{"start":{"line":226,"column":47},"end":{"line":226,"column":78}},"84":{"start":{"line":229,"column":12},"end":{"line":231,"column":13}},"85":{"start":{"line":230,"column":16},"end":{"line":230,"column":49}},"86":{"start":{"line":233,"column":35},"end":{"line":233,"column":75}},"87":{"start":{"line":233,"column":62},"end":{"line":233,"column":74}},"88":{"start":{"line":235,"column":39},"end":{"line":245,"column":14}},"89":{"start":{"line":246,"column":12},"end":{"line":249,"column":14}},"90":{"start":{"line":251,"column":12},"end":{"line":251,"column":23}},"91":{"start":{"line":256,"column":0},"end":{"line":256,"column":31}}},"fnMap":{"0":{"name":"(anonymous_0)","decl":{"start":{"line":6,"column":4},"end":{"line":6,"column":5}},"loc":{"start":{"line":6,"column":45},"end":{"line":45,"column":5}},"line":6},"1":{"name":"(anonymous_1)","decl":{"start":{"line":47,"column":4},"end":{"line":47,"column":5}},"loc":{"start":{"line":47,"column":45},"end":{"line":65,"column":5}},"line":47},"2":{"name":"(anonymous_2)","decl":{"start":{"line":67,"column":4},"end":{"line":67,"column":5}},"loc":{"start":{"line":67,"column":44},"end":{"line":92,"column":5}},"line":67},"3":{"name":"(anonymous_3)","decl":{"start":{"line":94,"column":4},"end":{"line":94,"column":5}},"loc":{"start":{"line":94,"column":44},"end":{"line":113,"column":5}},"line":94},"4":{"name":"(anonymous_4)","decl":{"start":{"line":115,"column":4},"end":{"line":115,"column":5}},"loc":{"start":{"line":115,"column":42},"end":{"line":159,"column":5}},"line":115},"5":{"name":"(anonymous_5)","decl":{"start":{"line":161,"column":4},"end":{"line":161,"column":5}},"loc":{"start":{"line":161,"column":45},"end":{"line":205,"column":5}},"line":161},"6":{"name":"(anonymous_6)","decl":{"start":{"line":207,"column":4},"end":{"line":207,"column":5}},"loc":{"start":{"line":207,"column":45},"end":{"line":253,"column":5}},"line":207},"7":{"name":"(anonymous_7)","decl":{"start":{"line":225,"column":51},"end":{"line":225,"column":52}},"loc":{"start":{"line":226,"column":16},"end":{"line":226,"column":79}},"line":226},"8":{"name":"(anonymous_8)","decl":{"start":{"line":226,"column":36},"end":{"line":226,"column":37}},"loc":{"start":{"line":226,"column":47},"end":{"line":226,"column":78}},"line":226},"9":{"name":"(anonymous_9)","decl":{"start":{"line":233,"column":52},"end":{"line":233,"column":53}},"loc":{"start":{"line":233,"column":62},"end":{"line":233,"column":74}},"line":233}},"branchMap":{"0":{"loc":{"start":{"line":17,"column":28},"end":{"line":17,"column":80}},"type":"cond-expr","locations":[{"start":{"line":17,"column":63},"end":{"line":17,"column":69}},{"start":{"line":17,"column":72},"end":{"line":17,"column":80}}],"line":17},"1":{"loc":{"start":{"line":24,"column":12},"end":{"line":26,"column":13}},"type":"if","locations":[{"start":{"line":24,"column":12},"end":{"line":26,"column":13}},{"start":{},"end":{}}],"line":24},"2":{"loc":{"start":{"line":33,"column":12},"end":{"line":35,"column":13}},"type":"if","locations":[{"start":{"line":33,"column":12},"end":{"line":35,"column":13}},{"start":{},"end":{}}],"line":33},"3":{"loc":{"start":{"line":57,"column":12},"end":{"line":59,"column":13}},"type":"if","locations":[{"start":{"line":57,"column":12},"end":{"line":59,"column":13}},{"start":{},"end":{}}],"line":57},"4":{"loc":{"start":{"line":77,"column":12},"end":{"line":88,"column":13}},"type":"if","locations":[{"start":{"line":77,"column":12},"end":{"line":88,"column":13}},{"start":{"line":79,"column":19},"end":{"line":88,"column":13}}],"line":77},"5":{"loc":{"start":{"line":104,"column":12},"end":{"line":109,"column":13}},"type":"if","locations":[{"start":{"line":104,"column":12},"end":{"line":109,"column":13}},{"start":{"line":106,"column":19},"end":{"line":109,"column":13}}],"line":104},"6":{"loc":{"start":{"line":118,"column":12},"end":{"line":120,"column":13}},"type":"if","locations":[{"start":{"line":118,"column":12},"end":{"line":120,"column":13}},{"start":{},"end":{}}],"line":118},"7":{"loc":{"start":{"line":122,"column":12},"end":{"line":124,"column":13}},"type":"if","locations":[{"start":{"line":122,"column":12},"end":{"line":124,"column":13}},{"start":{},"end":{}}],"line":122},"8":{"loc":{"start":{"line":131,"column":12},"end":{"line":133,"column":13}},"type":"if","locations":[{"start":{"line":131,"column":12},"end":{"line":133,"column":13}},{"start":{},"end":{}}],"line":131},"9":{"loc":{"start":{"line":135,"column":12},"end":{"line":155,"column":13}},"type":"if","locations":[{"start":{"line":135,"column":12},"end":{"line":155,"column":13}},{"start":{"line":148,"column":19},"end":{"line":155,"column":13}}],"line":135},"10":{"loc":{"start":{"line":136,"column":16},"end":{"line":144,"column":17}},"type":"if","locations":[{"start":{"line":136,"column":16},"end":{"line":144,"column":17}},{"start":{},"end":{}}],"line":136},"11":{"loc":{"start":{"line":145,"column":16},"end":{"line":147,"column":17}},"type":"if","locations":[{"start":{"line":145,"column":16},"end":{"line":147,"column":17}},{"start":{},"end":{}}],"line":145},"12":{"loc":{"start":{"line":164,"column":12},"end":{"line":166,"column":13}},"type":"if","locations":[{"start":{"line":164,"column":12},"end":{"line":166,"column":13}},{"start":{},"end":{}}],"line":164},"13":{"loc":{"start":{"line":168,"column":12},"end":{"line":170,"column":13}},"type":"if","locations":[{"start":{"line":168,"column":12},"end":{"line":170,"column":13}},{"start":{},"end":{}}],"line":168},"14":{"loc":{"start":{"line":177,"column":12},"end":{"line":179,"column":13}},"type":"if","locations":[{"start":{"line":177,"column":12},"end":{"line":179,"column":13}},{"start":{},"end":{}}],"line":177},"15":{"loc":{"start":{"line":181,"column":12},"end":{"line":201,"column":13}},"type":"if","locations":[{"start":{"line":181,"column":12},"end":{"line":201,"column":13}},{"start":{"line":194,"column":19},"end":{"line":201,"column":13}}],"line":181},"16":{"loc":{"start":{"line":182,"column":16},"end":{"line":190,"column":17}},"type":"if","locations":[{"start":{"line":182,"column":16},"end":{"line":190,"column":17}},{"start":{},"end":{}}],"line":182},"17":{"loc":{"start":{"line":191,"column":16},"end":{"line":193,"column":17}},"type":"if","locations":[{"start":{"line":191,"column":16},"end":{"line":193,"column":17}},{"start":{},"end":{}}],"line":191},"18":{"loc":{"start":{"line":229,"column":12},"end":{"line":231,"column":13}},"type":"if","locations":[{"start":{"line":229,"column":12},"end":{"line":231,"column":13}},{"start":{},"end":{}}],"line":229}},"s":{"0":2,"1":2,"2":2,"3":2,"4":2,"5":2,"6":2,"7":2,"8":0,"9":2,"10":2,"11":2,"12":0,"13":2,"14":0,"15":1,"16":1,"17":1,"18":0,"19":1,"20":0,"21":1,"22":1,"23":1,"24":0,"25":1,"26":1,"27":1,"28":1,"29":0,"30":1,"31":1,"32":1,"33":0,"34":1,"35":1,"36":0,"37":5,"38":5,"39":5,"40":0,"41":5,"42":5,"43":1,"44":4,"45":4,"46":1,"47":3,"48":2,"49":1,"50":1,"51":1,"52":1,"53":1,"54":1,"55":1,"56":3,"57":5,"58":5,"59":5,"60":0,"61":5,"62":5,"63":1,"64":4,"65":4,"66":1,"67":3,"68":2,"69":1,"70":1,"71":1,"72":1,"73":1,"74":1,"75":1,"76":3,"77":2,"78":2,"79":2,"80":2,"81":2,"82":1,"83":1,"84":2,"85":1,"86":1,"87":1,"88":1,"89":1,"90":1,"91":2},"f":{"0":2,"1":1,"2":1,"3":1,"4":5,"5":5,"6":2,"7":1,"8":1,"9":1},"b":{"0":[1,1],"1":[0,2],"2":[0,2],"3":[0,1],"4":[0,1],"5":[0,1],"6":[0,5],"7":[1,4],"8":[1,3],"9":[2,1],"10":[1,1],"11":[1,0],"12":[0,5],"13":[1,4],"14":[1,3],"15":[2,1],"16":[1,1],"17":[1,0],"18":[1,1]},"_coverageSchema":"1a1c01bbd47fc00a2c39e90264f33305004495a9","hash":"d4975ceacd9a37d192655e03acf94c99a52953e3"}
,"C:\\Users\\ACER\\My Drive\\Hacktiv8\\fase 2\\12-12-23\\ip-faisalyudiansah\\server\\helpers\\bcrypt.js": {"path":"C:\\Users\\ACER\\My Drive\\Hacktiv8\\fase 2\\12-12-23\\ip-faisalyudiansah\\server\\helpers\\bcrypt.js","statementMap":{"0":{"start":{"line":1,"column":15},"end":{"line":1,"column":34}},"1":{"start":{"line":4,"column":15},"end":{"line":4,"column":37}},"2":{"start":{"line":5,"column":4},"end":{"line":5,"column":42}},"3":{"start":{"line":9,"column":4},"end":{"line":9,"column":55}},"4":{"start":{"line":12,"column":0},"end":{"line":12,"column":50}}},"fnMap":{"0":{"name":"hashPassword","decl":{"start":{"line":3,"column":9},"end":{"line":3,"column":21}},"loc":{"start":{"line":3,"column":32},"end":{"line":6,"column":1}},"line":3},"1":{"name":"comparePassword","decl":{"start":{"line":8,"column":9},"end":{"line":8,"column":24}},"loc":{"start":{"line":8,"column":51},"end":{"line":10,"column":1}},"line":8}},"branchMap":{},"s":{"0":2,"1":12,"2":12,"3":2,"4":2},"f":{"0":12,"1":2},"b":{},"_coverageSchema":"1a1c01bbd47fc00a2c39e90264f33305004495a9","hash":"e44bb8229b1c869c6229082a795d524088cca168"}
,"C:\\Users\\ACER\\My Drive\\Hacktiv8\\fase 2\\12-12-23\\ip-faisalyudiansah\\server\\helpers\\jwt.js": {"path":"C:\\Users\\ACER\\My Drive\\Hacktiv8\\fase 2\\12-12-23\\ip-faisalyudiansah\\server\\helpers\\jwt.js","statementMap":{"0":{"start":{"line":1,"column":12},"end":{"line":1,"column":35}},"1":{"start":{"line":3,"column":17},"end":{"line":3,"column":39}},"2":{"start":{"line":6,"column":17},"end":{"line":6,"column":28}},"3":{"start":{"line":7,"column":4},"end":{"line":7,"column":39}},"4":{"start":{"line":11,"column":4},"end":{"line":11,"column":40}},"5":{"start":{"line":15,"column":0},"end":{"line":15,"column":43}}},"fnMap":{"0":{"name":"signToken","decl":{"start":{"line":5,"column":9},"end":{"line":5,"column":18}},"loc":{"start":{"line":5,"column":32},"end":{"line":8,"column":1}},"line":5},"1":{"name":"verifyToken","decl":{"start":{"line":10,"column":9},"end":{"line":10,"column":20}},"loc":{"start":{"line":10,"column":28},"end":{"line":12,"column":1}},"line":10}},"branchMap":{},"s":{"0":2,"1":2,"2":10,"3":10,"4":35,"5":2},"f":{"0":10,"1":35},"b":{},"_coverageSchema":"1a1c01bbd47fc00a2c39e90264f33305004495a9","hash":"bec1d0ad817eac61d7d8fd627c6292f5711b22a1"}
,"C:\\Users\\ACER\\My Drive\\Hacktiv8\\fase 2\\12-12-23\\ip-faisalyudiansah\\server\\middlewares\\authentication.js": {"path":"C:\\Users\\ACER\\My Drive\\Hacktiv8\\fase 2\\12-12-23\\ip-faisalyudiansah\\server\\middlewares\\authentication.js","statementMap":{"0":{"start":{"line":1,"column":17},"end":{"line":1,"column":37}},"1":{"start":{"line":3,"column":24},"end":{"line":3,"column":49}},"2":{"start":{"line":6,"column":4},"end":{"line":24,"column":5}},"3":{"start":{"line":7,"column":32},"end":{"line":7,"column":43}},"4":{"start":{"line":8,"column":8},"end":{"line":10,"column":9}},"5":{"start":{"line":9,"column":12},"end":{"line":9,"column":42}},"6":{"start":{"line":11,"column":23},"end":{"line":11,"column":47}},"7":{"start":{"line":12,"column":8},"end":{"line":14,"column":9}},"8":{"start":{"line":13,"column":12},"end":{"line":13,"column":42}},"9":{"start":{"line":15,"column":31},"end":{"line":15,"column":55}},"10":{"start":{"line":16,"column":23},"end":{"line":16,"column":63}},"11":{"start":{"line":17,"column":8},"end":{"line":19,"column":9}},"12":{"start":{"line":18,"column":12},"end":{"line":18,"column":42}},"13":{"start":{"line":20,"column":8},"end":{"line":20,"column":27}},"14":{"start":{"line":21,"column":8},"end":{"line":21,"column":14}},"15":{"start":{"line":23,"column":8},"end":{"line":23,"column":19}},"16":{"start":{"line":28,"column":0},"end":{"line":28,"column":38}}},"fnMap":{"0":{"name":"authenTokenMiddleware","decl":{"start":{"line":5,"column":15},"end":{"line":5,"column":36}},"loc":{"start":{"line":5,"column":53},"end":{"line":25,"column":1}},"line":5}},"branchMap":{"0":{"loc":{"start":{"line":8,"column":8},"end":{"line":10,"column":9}},"type":"if","locations":[{"start":{"line":8,"column":8},"end":{"line":10,"column":9}},{"start":{},"end":{}}],"line":8},"1":{"loc":{"start":{"line":12,"column":8},"end":{"line":14,"column":9}},"type":"if","locations":[{"start":{"line":12,"column":8},"end":{"line":14,"column":9}},{"start":{},"end":{}}],"line":12},"2":{"loc":{"start":{"line":17,"column":8},"end":{"line":19,"column":9}},"type":"if","locations":[{"start":{"line":17,"column":8},"end":{"line":19,"column":9}},{"start":{},"end":{}}],"line":17}},"s":{"0":2,"1":2,"2":54,"3":54,"4":54,"5":7,"6":47,"7":47,"8":12,"9":35,"10":23,"11":23,"12":0,"13":23,"14":23,"15":31,"16":2},"f":{"0":54},"b":{"0":[7,47],"1":[12,35],"2":[0,23]},"_coverageSchema":"1a1c01bbd47fc00a2c39e90264f33305004495a9","hash":"ee6b44c35952279bf4538600bc39b49a0d62f2dc"}
,"C:\\Users\\ACER\\My Drive\\Hacktiv8\\fase 2\\12-12-23\\ip-faisalyudiansah\\server\\middlewares\\authorizationOwner.js": {"path":"C:\\Users\\ACER\\My Drive\\Hacktiv8\\fase 2\\12-12-23\\ip-faisalyudiansah\\server\\middlewares\\authorizationOwner.js","statementMap":{"0":{"start":{"line":1,"column":30},"end":{"line":1,"column":50}},"1":{"start":{"line":4,"column":4},"end":{"line":22,"column":5}},"2":{"start":{"line":5,"column":19},"end":{"line":12,"column":10}},"3":{"start":{"line":13,"column":8},"end":{"line":15,"column":9}},"4":{"start":{"line":14,"column":12},"end":{"line":14,"column":43}},"5":{"start":{"line":16,"column":8},"end":{"line":18,"column":9}},"6":{"start":{"line":17,"column":12},"end":{"line":17,"column":45}},"7":{"start":{"line":19,"column":8},"end":{"line":19,"column":14}},"8":{"start":{"line":21,"column":8},"end":{"line":21,"column":19}},"9":{"start":{"line":25,"column":0},"end":{"line":25,"column":35}}},"fnMap":{"0":{"name":"authorizationOwner","decl":{"start":{"line":3,"column":15},"end":{"line":3,"column":33}},"loc":{"start":{"line":3,"column":50},"end":{"line":23,"column":1}},"line":3}},"branchMap":{"0":{"loc":{"start":{"line":13,"column":8},"end":{"line":15,"column":9}},"type":"if","locations":[{"start":{"line":13,"column":8},"end":{"line":15,"column":9}},{"start":{},"end":{}}],"line":13},"1":{"loc":{"start":{"line":16,"column":8},"end":{"line":18,"column":9}},"type":"if","locations":[{"start":{"line":16,"column":8},"end":{"line":18,"column":9}},{"start":{},"end":{}}],"line":16}},"s":{"0":2,"1":3,"2":3,"3":3,"4":0,"5":3,"6":0,"7":3,"8":0,"9":2},"f":{"0":3},"b":{"0":[0,3],"1":[0,3]},"_coverageSchema":"1a1c01bbd47fc00a2c39e90264f33305004495a9","hash":"809acba453a6108f3de61e60acfe1d3b76f6dd39"}
,"C:\\Users\\ACER\\My Drive\\Hacktiv8\\fase 2\\12-12-23\\ip-faisalyudiansah\\server\\middlewares\\errorHandler.js": {"path":"C:\\Users\\ACER\\My Drive\\Hacktiv8\\fase 2\\12-12-23\\ip-faisalyudiansah\\server\\middlewares\\errorHandler.js","statementMap":{"0":{"start":{"line":2,"column":4},"end":{"line":2,"column":22}},"1":{"start":{"line":4,"column":21},"end":{"line":4,"column":24}},"2":{"start":{"line":5,"column":18},"end":{"line":5,"column":41}},"3":{"start":{"line":7,"column":4},"end":{"line":59,"column":5}},"4":{"start":{"line":10,"column":12},"end":{"line":10,"column":28}},"5":{"start":{"line":11,"column":12},"end":{"line":11,"column":45}},"6":{"start":{"line":12,"column":12},"end":{"line":12,"column":18}},"7":{"start":{"line":14,"column":12},"end":{"line":14,"column":28}},"8":{"start":{"line":15,"column":12},"end":{"line":15,"column":44}},"9":{"start":{"line":16,"column":12},"end":{"line":16,"column":18}},"10":{"start":{"line":18,"column":12},"end":{"line":18,"column":28}},"11":{"start":{"line":19,"column":12},"end":{"line":19,"column":41}},"12":{"start":{"line":20,"column":12},"end":{"line":20,"column":18}},"13":{"start":{"line":22,"column":12},"end":{"line":22,"column":28}},"14":{"start":{"line":23,"column":12},"end":{"line":23,"column":64}},"15":{"start":{"line":24,"column":12},"end":{"line":24,"column":18}},"16":{"start":{"line":26,"column":12},"end":{"line":26,"column":28}},"17":{"start":{"line":27,"column":12},"end":{"line":27,"column":43}},"18":{"start":{"line":28,"column":12},"end":{"line":28,"column":18}},"19":{"start":{"line":30,"column":12},"end":{"line":30,"column":28}},"20":{"start":{"line":31,"column":12},"end":{"line":31,"column":48}},"21":{"start":{"line":32,"column":12},"end":{"line":32,"column":18}},"22":{"start":{"line":35,"column":12},"end":{"line":35,"column":28}},"23":{"start":{"line":36,"column":12},"end":{"line":36,"column":50}},"24":{"start":{"line":37,"column":12},"end":{"line":37,"column":18}},"25":{"start":{"line":40,"column":12},"end":{"line":40,"column":28}},"26":{"start":{"line":41,"column":12},"end":{"line":41,"column":37}},"27":{"start":{"line":42,"column":12},"end":{"line":42,"column":18}},"28":{"start":{"line":44,"column":12},"end":{"line":44,"column":28}},"29":{"start":{"line":45,"column":12},"end":{"line":45,"column":86}},"30":{"start":{"line":46,"column":12},"end":{"line":46,"column":18}},"31":{"start":{"line":48,"column":12},"end":{"line":48,"column":28}},"32":{"start":{"line":49,"column":12},"end":{"line":49,"column":40}},"33":{"start":{"line":50,"column":12},"end":{"line":50,"column":18}},"34":{"start":{"line":52,"column":12},"end":{"line":52,"column":28}},"35":{"start":{"line":53,"column":12},"end":{"line":53,"column":58}},"36":{"start":{"line":54,"column":12},"end":{"line":54,"column":18}},"37":{"start":{"line":56,"column":12},"end":{"line":56,"column":28}},"38":{"start":{"line":57,"column":12},"end":{"line":57,"column":40}},"39":{"start":{"line":58,"column":12},"end":{"line":58,"column":18}},"40":{"start":{"line":61,"column":4},"end":{"line":61,"column":44}},"41":{"start":{"line":64,"column":0},"end":{"line":64,"column":29}}},"fnMap":{"0":{"name":"errorHandler","decl":{"start":{"line":1,"column":9},"end":{"line":1,"column":21}},"loc":{"start":{"line":1,"column":45},"end":{"line":62,"column":1}},"line":1}},"branchMap":{"0":{"loc":{"start":{"line":7,"column":4},"end":{"line":59,"column":5}},"type":"switch","locations":[{"start":{"line":8,"column":8},"end":{"line":8,"column":40}},{"start":{"line":9,"column":8},"end":{"line":12,"column":18}},{"start":{"line":13,"column":8},"end":{"line":16,"column":18}},{"start":{"line":17,"column":8},"end":{"line":20,"column":18}},{"start":{"line":21,"column":8},"end":{"line":24,"column":18}},{"start":{"line":25,"column":8},"end":{"line":28,"column":18}},{"start":{"line":29,"column":8},"end":{"line":32,"column":18}},{"start":{"line":33,"column":8},"end":{"line":33,"column":29}},{"start":{"line":34,"column":8},"end":{"line":37,"column":18}},{"start":{"line":38,"column":8},"end":{"line":38,"column":28}},{"start":{"line":39,"column":8},"end":{"line":42,"column":18}},{"start":{"line":43,"column":8},"end":{"line":46,"column":18}},{"start":{"line":47,"column":8},"end":{"line":50,"column":18}},{"start":{"line":51,"column":8},"end":{"line":54,"column":18}},{"start":{"line":55,"column":8},"end":{"line":58,"column":18}}],"line":7}},"s":{"0":60,"1":60,"2":60,"3":60,"4":16,"5":16,"6":16,"7":1,"8":1,"9":1,"10":1,"11":1,"12":1,"13":2,"14":2,"15":2,"16":1,"17":1,"18":1,"19":1,"20":1,"21":1,"22":2,"23":2,"24":2,"25":31,"26":31,"27":31,"28":2,"29":2,"30":2,"31":0,"32":0,"33":0,"34":1,"35":1,"36":1,"37":2,"38":2,"39":2,"40":60,"41":2},"f":{"0":60},"b":{"0":[14,16,1,1,2,1,1,1,2,19,31,2,0,1,2]},"_coverageSchema":"1a1c01bbd47fc00a2c39e90264f33305004495a9","hash":"7df48fd2280ee9cb032e8e93b69d9cab230fc454"}
,"C:\\Users\\ACER\\My Drive\\Hacktiv8\\fase 2\\12-12-23\\ip-faisalyudiansah\\server\\models\\chat.js": {"path":"C:\\Users\\ACER\\My Drive\\Hacktiv8\\fase 2\\12-12-23\\ip-faisalyudiansah\\server\\models\\chat.js","statementMap":{"0":{"start":{"line":4,"column":4},"end":{"line":4,"column":24}},"1":{"start":{"line":5,"column":0},"end":{"line":26,"column":2}},"2":{"start":{"line":14,"column":6},"end":{"line":14,"column":61}},"3":{"start":{"line":15,"column":6},"end":{"line":15,"column":61}},"4":{"start":{"line":18,"column":2},"end":{"line":24,"column":5}},"5":{"start":{"line":25,"column":2},"end":{"line":25,"column":14}}},"fnMap":{"0":{"name":"(anonymous_0)","decl":{"start":{"line":5,"column":17},"end":{"line":5,"column":18}},"loc":{"start":{"line":5,"column":43},"end":{"line":26,"column":1}},"line":5},"1":{"name":"(anonymous_1)","decl":{"start":{"line":12,"column":4},"end":{"line":12,"column":5}},"loc":{"start":{"line":12,"column":29},"end":{"line":16,"column":5}},"line":12}},"branchMap":{},"s":{"0":2,"1":2,"2":2,"3":2,"4":2,"5":2},"f":{"0":2,"1":2},"b":{},"_coverageSchema":"1a1c01bbd47fc00a2c39e90264f33305004495a9","hash":"4560f28d968fd6027b782baf9338257561e9b034"}
,"C:\\Users\\ACER\\My Drive\\Hacktiv8\\fase 2\\12-12-23\\ip-faisalyudiansah\\server\\models\\connection.js": {"path":"C:\\Users\\ACER\\My Drive\\Hacktiv8\\fase 2\\12-12-23\\ip-faisalyudiansah\\server\\models\\connection.js","statementMap":{"0":{"start":{"line":4,"column":4},"end":{"line":4,"column":24}},"1":{"start":{"line":5,"column":0},"end":{"line":27,"column":2}},"2":{"start":{"line":14,"column":6},"end":{"line":14,"column":67}},"3":{"start":{"line":15,"column":6},"end":{"line":15,"column":67}},"4":{"start":{"line":18,"column":2},"end":{"line":25,"column":5}},"5":{"start":{"line":26,"column":2},"end":{"line":26,"column":20}}},"fnMap":{"0":{"name":"(anonymous_0)","decl":{"start":{"line":5,"column":17},"end":{"line":5,"column":18}},"loc":{"start":{"line":5,"column":43},"end":{"line":27,"column":1}},"line":5},"1":{"name":"(anonymous_1)","decl":{"start":{"line":12,"column":4},"end":{"line":12,"column":5}},"loc":{"start":{"line":12,"column":29},"end":{"line":16,"column":5}},"line":12}},"branchMap":{},"s":{"0":2,"1":2,"2":2,"3":2,"4":2,"5":2},"f":{"0":2,"1":2},"b":{},"_coverageSchema":"1a1c01bbd47fc00a2c39e90264f33305004495a9","hash":"06fdbcb6c5128a042a98fe1a77c82a76bd2b2abb"}
,"C:\\Users\\ACER\\My Drive\\Hacktiv8\\fase 2\\12-12-23\\ip-faisalyudiansah\\server\\models\\index.js": {"path":"C:\\Users\\ACER\\My Drive\\Hacktiv8\\fase 2\\12-12-23\\ip-faisalyudiansah\\server\\models\\index.js","statementMap":{"0":{"start":{"line":3,"column":11},"end":{"line":3,"column":24}},"1":{"start":{"line":4,"column":13},"end":{"line":4,"column":28}},"2":{"start":{"line":5,"column":18},"end":{"line":5,"column":38}},"3":{"start":{"line":6,"column":16},"end":{"line":6,"column":34}},"4":{"start":{"line":7,"column":17},"end":{"line":7,"column":42}},"5":{"start":{"line":8,"column":12},"end":{"line":8,"column":49}},"6":{"start":{"line":9,"column":15},"end":{"line":9,"column":65}},"7":{"start":{"line":10,"column":11},"end":{"line":10,"column":13}},"8":{"start":{"line":13,"column":0},"end":{"line":17,"column":1}},"9":{"start":{"line":14,"column":2},"end":{"line":14,"column":74}},"10":{"start":{"line":16,"column":2},"end":{"line":16,"column":87}},"11":{"start":{"line":19,"column":0},"end":{"line":32,"column":5}},"12":{"start":{"line":22,"column":4},"end":{"line":27,"column":6}},"13":{"start":{"line":30,"column":18},"end":{"line":30,"column":85}},"14":{"start":{"line":31,"column":4},"end":{"line":31,"column":27}},"15":{"start":{"line":34,"column":0},"end":{"line":38,"column":3}},"16":{"start":{"line":35,"column":2},"end":{"line":37,"column":3}},"17":{"start":{"line":36,"column":4},"end":{"line":36,"column":32}},"18":{"start":{"line":40,"column":0},"end":{"line":40,"column":25}},"19":{"start":{"line":41,"column":0},"end":{"line":41,"column":25}},"20":{"start":{"line":43,"column":0},"end":{"line":43,"column":20}}},"fnMap":{"0":{"name":"(anonymous_0)","decl":{"start":{"line":21,"column":10},"end":{"line":21,"column":11}},"loc":{"start":{"line":21,"column":18},"end":{"line":28,"column":3}},"line":21},"1":{"name":"(anonymous_1)","decl":{"start":{"line":29,"column":11},"end":{"line":29,"column":12}},"loc":{"start":{"line":29,"column":19},"end":{"line":32,"column":3}},"line":29},"2":{"name":"(anonymous_2)","decl":{"start":{"line":34,"column":24},"end":{"line":34,"column":25}},"loc":{"start":{"line":34,"column":37},"end":{"line":38,"column":1}},"line":34}},"branchMap":{"0":{"loc":{"start":{"line":8,"column":12},"end":{"line":8,"column":49}},"type":"binary-expr","locations":[{"start":{"line":8,"column":12},"end":{"line":8,"column":32}},{"start":{"line":8,"column":36},"end":{"line":8,"column":49}}],"line":8},"1":{"loc":{"start":{"line":13,"column":0},"end":{"line":17,"column":1}},"type":"if","locations":[{"start":{"line":13,"column":0},"end":{"line":17,"column":1}},{"start":{"line":15,"column":7},"end":{"line":17,"column":1}}],"line":13},"2":{"loc":{"start":{"line":23,"column":6},"end":{"line":26,"column":37}},"type":"binary-expr","locations":[{"start":{"line":23,"column":6},"end":{"line":23,"column":29}},{"start":{"line":24,"column":6},"end":{"line":24,"column":23}},{"start":{"line":25,"column":6},"end":{"line":25,"column":30}},{"start":{"line":26,"column":6},"end":{"line":26,"column":37}}],"line":23},"3":{"loc":{"start":{"line":35,"column":2},"end":{"line":37,"column":3}},"type":"if","locations":[{"start":{"line":35,"column":2},"end":{"line":37,"column":3}},{"start":{},"end":{}}],"line":35}},"s":{"0":2,"1":2,"2":2,"3":2,"4":2,"5":2,"6":2,"7":2,"8":2,"9":0,"10":2,"11":2,"12":14,"13":12,"14":12,"15":2,"16":12,"17":12,"18":2,"19":2,"20":2},"f":{"0":14,"1":12,"2":12},"b":{"0":[2,0],"1":[0,2],"2":[14,14,12,12],"3":[12,0]},"_coverageSchema":"1a1c01bbd47fc00a2c39e90264f33305004495a9","hash":"dc39d36e135aaa5842aef248cf6580e3f377ed64"}
,"C:\\Users\\ACER\\My Drive\\Hacktiv8\\fase 2\\12-12-23\\ip-faisalyudiansah\\server\\models\\message.js": {"path":"C:\\Users\\ACER\\My Drive\\Hacktiv8\\fase 2\\12-12-23\\ip-faisalyudiansah\\server\\models\\message.js","statementMap":{"0":{"start":{"line":4,"column":4},"end":{"line":4,"column":24}},"1":{"start":{"line":5,"column":0},"end":{"line":30,"column":2}},"2":{"start":{"line":14,"column":6},"end":{"line":14,"column":65}},"3":{"start":{"line":15,"column":6},"end":{"line":15,"column":67}},"4":{"start":{"line":17,"column":6},"end":{"line":17,"column":63}},"5":{"start":{"line":20,"column":2},"end":{"line":28,"column":5}},"6":{"start":{"line":29,"column":2},"end":{"line":29,"column":17}}},"fnMap":{"0":{"name":"(anonymous_0)","decl":{"start":{"line":5,"column":17},"end":{"line":5,"column":18}},"loc":{"start":{"line":5,"column":43},"end":{"line":30,"column":1}},"line":5},"1":{"name":"(anonymous_1)","decl":{"start":{"line":12,"column":4},"end":{"line":12,"column":5}},"loc":{"start":{"line":12,"column":29},"end":{"line":18,"column":5}},"line":12}},"branchMap":{},"s":{"0":2,"1":2,"2":2,"3":2,"4":2,"5":2,"6":2},"f":{"0":2,"1":2},"b":{},"_coverageSchema":"1a1c01bbd47fc00a2c39e90264f33305004495a9","hash":"fae6d75bedfe4c95f49d74df77587a8f9f12cf8e"}
,"C:\\Users\\ACER\\My Drive\\Hacktiv8\\fase 2\\12-12-23\\ip-faisalyudiansah\\server\\models\\order.js": {"path":"C:\\Users\\ACER\\My Drive\\Hacktiv8\\fase 2\\12-12-23\\ip-faisalyudiansah\\server\\models\\order.js","statementMap":{"0":{"start":{"line":4,"column":4},"end":{"line":4,"column":24}},"1":{"start":{"line":5,"column":0},"end":{"line":60,"column":2}},"2":{"start":{"line":14,"column":6},"end":{"line":14,"column":61}},"3":{"start":{"line":17,"column":2},"end":{"line":58,"column":5}},"4":{"start":{"line":59,"column":2},"end":{"line":59,"column":15}}},"fnMap":{"0":{"name":"(anonymous_0)","decl":{"start":{"line":5,"column":17},"end":{"line":5,"column":18}},"loc":{"start":{"line":5,"column":43},"end":{"line":60,"column":1}},"line":5},"1":{"name":"(anonymous_1)","decl":{"start":{"line":12,"column":4},"end":{"line":12,"column":5}},"loc":{"start":{"line":12,"column":29},"end":{"line":15,"column":5}},"line":12}},"branchMap":{},"s":{"0":2,"1":2,"2":2,"3":2,"4":2},"f":{"0":2,"1":2},"b":{},"_coverageSchema":"1a1c01bbd47fc00a2c39e90264f33305004495a9","hash":"cf82368071f39524a2fbfb7f24b56ac8e2f96aa5"}
,"C:\\Users\\ACER\\My Drive\\Hacktiv8\\fase 2\\12-12-23\\ip-faisalyudiansah\\server\\models\\user.js": {"path":"C:\\Users\\ACER\\My Drive\\Hacktiv8\\fase 2\\12-12-23\\ip-faisalyudiansah\\server\\models\\user.js","statementMap":{"0":{"start":{"line":2,"column":25},"end":{"line":2,"column":53}},"1":{"start":{"line":5,"column":4},"end":{"line":5,"column":24}},"2":{"start":{"line":6,"column":0},"end":{"line":137,"column":2}},"3":{"start":{"line":15,"column":6},"end":{"line":15,"column":64}},"4":{"start":{"line":17,"column":6},"end":{"line":17,"column":65}},"5":{"start":{"line":18,"column":6},"end":{"line":18,"column":65}},"6":{"start":{"line":20,"column":6},"end":{"line":20,"column":59}},"7":{"start":{"line":21,"column":6},"end":{"line":21,"column":59}},"8":{"start":{"line":23,"column":6},"end":{"line":23,"column":63}},"9":{"start":{"line":24,"column":6},"end":{"line":24,"column":65}},"10":{"start":{"line":26,"column":6},"end":{"line":26,"column":59}},"11":{"start":{"line":29,"column":2},"end":{"line":135,"column":5}},"12":{"start":{"line":128,"column":19},"end":{"line":128,"column":50}},"13":{"start":{"line":129,"column":8},"end":{"line":129,"column":32}},"14":{"start":{"line":130,"column":8},"end":{"line":130,"column":37}},"15":{"start":{"line":131,"column":8},"end":{"line":131,"column":36}},"16":{"start":{"line":132,"column":8},"end":{"line":132,"column":29}},"17":{"start":{"line":136,"column":2},"end":{"line":136,"column":14}}},"fnMap":{"0":{"name":"(anonymous_0)","decl":{"start":{"line":6,"column":17},"end":{"line":6,"column":18}},"loc":{"start":{"line":6,"column":43},"end":{"line":137,"column":1}},"line":6},"1":{"name":"(anonymous_1)","decl":{"start":{"line":13,"column":4},"end":{"line":13,"column":5}},"loc":{"start":{"line":13,"column":29},"end":{"line":27,"column":5}},"line":13},"2":{"name":"(anonymous_2)","decl":{"start":{"line":127,"column":20},"end":{"line":127,"column":21}},"loc":{"start":{"line":127,"column":34},"end":{"line":133,"column":7}},"line":127}},"branchMap":{},"s":{"0":2,"1":2,"2":2,"3":2,"4":2,"5":2,"6":2,"7":2,"8":2,"9":2,"10":2,"11":2,"12":12,"13":12,"14":12,"15":12,"16":12,"17":2},"f":{"0":2,"1":2,"2":12},"b":{},"_coverageSchema":"1a1c01bbd47fc00a2c39e90264f33305004495a9","hash":"02e5a01b300abe45be1bd56185f7de4739abf318"}
,"C:\\Users\\ACER\\My Drive\\Hacktiv8\\fase 2\\12-12-23\\ip-faisalyudiansah\\server\\models\\userprofile.js": {"path":"C:\\Users\\ACER\\My Drive\\Hacktiv8\\fase 2\\12-12-23\\ip-faisalyudiansah\\server\\models\\userprofile.js","statementMap":{"0":{"start":{"line":4,"column":4},"end":{"line":4,"column":24}},"1":{"start":{"line":5,"column":0},"end":{"line":30,"column":2}},"2":{"start":{"line":14,"column":6},"end":{"line":14,"column":67}},"3":{"start":{"line":17,"column":2},"end":{"line":28,"column":5}},"4":{"start":{"line":29,"column":2},"end":{"line":29,"column":21}}},"fnMap":{"0":{"name":"(anonymous_0)","decl":{"start":{"line":5,"column":17},"end":{"line":5,"column":18}},"loc":{"start":{"line":5,"column":43},"end":{"line":30,"column":1}},"line":5},"1":{"name":"(anonymous_1)","decl":{"start":{"line":12,"column":4},"end":{"line":12,"column":5}},"loc":{"start":{"line":12,"column":29},"end":{"line":15,"column":5}},"line":12}},"branchMap":{},"s":{"0":2,"1":2,"2":2,"3":2,"4":2},"f":{"0":2,"1":2},"b":{},"_coverageSchema":"1a1c01bbd47fc00a2c39e90264f33305004495a9","hash":"0dbc14e0df2f17bba9ed2ba81162fc5e7ef3f832"}
,"C:\\Users\\ACER\\My Drive\\Hacktiv8\\fase 2\\12-12-23\\ip-faisalyudiansah\\server\\routes\\index.js": {"path":"C:\\Users\\ACER\\My Drive\\Hacktiv8\\fase 2\\12-12-23\\ip-faisalyudiansah\\server\\routes\\index.js","statementMap":{"0":{"start":{"line":1,"column":16},"end":{"line":1,"column":34}},"1":{"start":{"line":2,"column":15},"end":{"line":2,"column":31}},"2":{"start":{"line":4,"column":30},"end":{"line":4,"column":70}},"3":{"start":{"line":5,"column":27},"end":{"line":5,"column":71}},"4":{"start":{"line":6,"column":21},"end":{"line":6,"column":59}},"5":{"start":{"line":7,"column":24},"end":{"line":7,"column":65}},"6":{"start":{"line":8,"column":23},"end":{"line":8,"column":63}},"7":{"start":{"line":9,"column":23},"end":{"line":9,"column":63}},"8":{"start":{"line":10,"column":26},"end":{"line":10,"column":69}},"9":{"start":{"line":14,"column":0},"end":{"line":16,"column":2}},"10":{"start":{"line":15,"column":4},"end":{"line":15,"column":88}},"11":{"start":{"line":20,"column":0},"end":{"line":20,"column":50}},"12":{"start":{"line":21,"column":0},"end":{"line":21,"column":44}},"13":{"start":{"line":22,"column":0},"end":{"line":22,"column":57}},"14":{"start":{"line":23,"column":0},"end":{"line":23,"column":88}},"15":{"start":{"line":26,"column":0},"end":{"line":26,"column":33}},"16":{"start":{"line":28,"column":0},"end":{"line":28,"column":48}},"17":{"start":{"line":29,"column":0},"end":{"line":29,"column":76}},"18":{"start":{"line":30,"column":0},"end":{"line":30,"column":67}},"19":{"start":{"line":31,"column":0},"end":{"line":31,"column":70}},"20":{"start":{"line":33,"column":0},"end":{"line":33,"column":59}},"21":{"start":{"line":34,"column":0},"end":{"line":34,"column":65}},"22":{"start":{"line":36,"column":0},"end":{"line":36,"column":56}},"23":{"start":{"line":38,"column":0},"end":{"line":38,"column":74}},"24":{"start":{"line":42,"column":0},"end":{"line":42,"column":59}},"25":{"start":{"line":43,"column":0},"end":{"line":43,"column":53}},"26":{"start":{"line":45,"column":0},"end":{"line":45,"column":53}},"27":{"start":{"line":46,"column":0},"end":{"line":46,"column":57}},"28":{"start":{"line":50,"column":0},"end":{"line":50,"column":24}},"29":{"start":{"line":53,"column":0},"end":{"line":53,"column":23}}},"fnMap":{"0":{"name":"(anonymous_0)","decl":{"start":{"line":14,"column":16},"end":{"line":14,"column":17}},"loc":{"start":{"line":14,"column":30},"end":{"line":16,"column":1}},"line":14}},"branchMap":{},"s":{"0":2,"1":2,"2":2,"3":2,"4":2,"5":2,"6":2,"7":2,"8":2,"9":2,"10":1,"11":2,"12":2,"13":2,"14":2,"15":2,"16":2,"17":2,"18":2,"19":2,"20":2,"21":2,"22":2,"23":2,"24":2,"25":2,"26":2,"27":2,"28":2,"29":2},"f":{"0":1},"b":{},"_coverageSchema":"1a1c01bbd47fc00a2c39e90264f33305004495a9","hash":"0c457d48c48a34a775fbe657bb81a09dd71e73bb"}
}
