TN:
SF:app.js
FNF:0
FNH:0
DA:1,2
DA:2,2
DA:5,2
DA:6,2
DA:7,2
DA:8,2
DA:9,2
DA:11,2
DA:12,2
DA:13,2
DA:14,2
DA:16,2
LF:12
LH:12
BRDA:1,0,0,2
BRDA:1,0,1,0
BRDA:9,1,0,2
BRDA:9,1,1,2
BRF:4
BRH:3
end_of_record
TN:
SF:controllers\ChatController.js
FN:5,(anonymous_0)
FN:39,(anonymous_1)
FN:69,(anonymous_2)
FN:86,(anonymous_3)
FNF:4
FNH:4
FNDA:2,(anonymous_0)
FNDA:1,(anonymous_1)
FNDA:2,(anonymous_2)
FNDA:1,(anonymous_3)
DA:1,2
DA:2,2
DA:6,2
DA:7,2
DA:8,2
DA:9,2
DA:23,2
DA:24,1
DA:26,1
DA:30,1
DA:35,1
DA:40,1
DA:41,1
DA:59,1
DA:60,1
DA:62,0
DA:65,0
DA:70,2
DA:71,2
DA:72,1
DA:74,1
DA:80,1
DA:82,1
DA:87,1
DA:88,1
DA:94,1
DA:96,0
DA:102,2
LF:28
LH:25
BRDA:23,0,0,1
BRDA:23,0,1,1
BRDA:59,1,0,1
BRDA:59,1,1,0
BRDA:71,2,0,1
BRDA:71,2,1,1
BRF:6
BRH:5
end_of_record
TN:
SF:controllers\LoginController.js
FN:7,(anonymous_0)
FN:29,(anonymous_1)
FN:59,(anonymous_2)
FNF:3
FNH:2
FNDA:17,(anonymous_0)
FNDA:5,(anonymous_1)
FNDA:0,(anonymous_2)
DA:1,2
DA:2,2
DA:3,2
DA:4,2
DA:8,17
DA:9,17
DA:10,17
DA:11,1
DA:19,1
DA:25,16
DA:30,5
DA:31,5
DA:32,5
DA:33,1
DA:35,4
DA:36,1
DA:39,3
DA:40,3
DA:42,3
DA:43,3
DA:44,1
DA:47,2
DA:48,2
DA:49,1
DA:52,1
DA:53,1
DA:55,4
DA:60,0
DA:61,0
DA:62,0
DA:63,0
DA:67,0
DA:68,0
DA:70,0
DA:73,0
DA:74,0
DA:81,0
DA:91,0
DA:92,0
DA:94,0
DA:99,2
LF:41
LH:28
BRDA:32,0,0,1
BRDA:32,0,1,4
BRDA:35,1,0,1
BRDA:35,1,1,3
BRDA:43,2,0,1
BRDA:43,2,1,2
BRDA:48,3,0,1
BRDA:48,3,1,1
BRDA:73,4,0,0
BRDA:73,4,1,0
BRF:10
BRH:8
end_of_record
TN:
SF:controllers\PaymentController.js
FN:4,(anonymous_0)
FN:48,(anonymous_1)
FN:63,(anonymous_2)
FNF:3
FNH:0
FNDA:0,(anonymous_0)
FNDA:0,(anonymous_1)
FNDA:0,(anonymous_2)
DA:1,2
DA:2,2
DA:5,0
DA:6,0
DA:11,0
DA:14,0
DA:15,0
DA:21,0
DA:41,0
DA:42,0
DA:44,0
DA:49,0
DA:50,0
DA:51,0
DA:52,0
DA:53,0
DA:55,0
DA:57,0
DA:63,0
DA:64,0
DA:67,0
DA:76,0
DA:77,0
DA:78,0
DA:80,0
DA:81,0
DA:82,0
DA:85,0
DA:89,0
DA:91,0
DA:96,2
LF:31
LH:3
BRDA:14,0,0,0
BRDA:14,0,1,0
BRDA:76,1,0,0
BRDA:76,1,1,0
BRDA:77,2,0,0
BRDA:77,2,1,0
BRDA:80,3,0,0
BRDA:80,3,1,0
BRDA:82,4,0,0
BRDA:82,4,1,0
BRDA:82,5,0,0
BRDA:82,5,1,0
BRDA:82,5,2,0
BRF:13
BRH:0
end_of_record
TN:
SF:controllers\UserController.js
FN:6,(anonymous_0)
FN:47,(anonymous_1)
FN:67,(anonymous_2)
FN:94,(anonymous_3)
FN:115,(anonymous_4)
FN:161,(anonymous_5)
FN:207,(anonymous_6)
FN:225,(anonymous_7)
FN:226,(anonymous_8)
FN:233,(anonymous_9)
FNF:10
FNH:10
FNDA:2,(anonymous_0)
FNDA:1,(anonymous_1)
FNDA:1,(anonymous_2)
FNDA:1,(anonymous_3)
FNDA:5,(anonymous_4)
FNDA:5,(anonymous_5)
FNDA:2,(anonymous_6)
FNDA:1,(anonymous_7)
FNDA:1,(anonymous_8)
FNDA:1,(anonymous_9)
DA:1,2
DA:2,2
DA:3,2
DA:7,2
DA:8,2
DA:9,2
DA:11,2
DA:24,2
DA:25,0
DA:28,2
DA:32,2
DA:33,2
DA:34,0
DA:37,2
DA:43,0
DA:48,1
DA:49,1
DA:57,1
DA:58,0
DA:61,1
DA:63,0
DA:68,1
DA:69,1
DA:77,1
DA:78,0
DA:80,1
DA:81,1
DA:82,1
DA:87,1
DA:90,0
DA:95,1
DA:96,1
DA:104,1
DA:105,0
DA:107,1
DA:108,1
DA:111,0
DA:116,5
DA:117,5
DA:118,5
DA:119,0
DA:121,5
DA:122,5
DA:123,1
DA:125,4
DA:131,4
DA:132,1
DA:135,3
DA:136,2
DA:137,1
DA:138,1
DA:143,1
DA:145,1
DA:146,1
DA:149,1
DA:154,1
DA:157,3
DA:162,5
DA:163,5
DA:164,5
DA:165,0
DA:167,5
DA:168,5
DA:169,1
DA:171,4
DA:177,4
DA:178,1
DA:181,3
DA:182,2
DA:183,1
DA:184,1
DA:189,1
DA:191,1
DA:192,1
DA:195,1
DA:200,1
DA:203,3
DA:208,2
DA:209,2
DA:211,2
DA:218,2
DA:225,2
DA:226,1
DA:229,2
DA:230,1
DA:233,1
DA:235,1
DA:246,1
DA:251,1
DA:256,2
LF:90
LH:79
BRDA:17,0,0,1
BRDA:17,0,1,1
BRDA:24,1,0,0
BRDA:24,1,1,2
BRDA:33,2,0,0
BRDA:33,2,1,2
BRDA:57,3,0,0
BRDA:57,3,1,1
BRDA:77,4,0,0
BRDA:77,4,1,1
BRDA:104,5,0,0
BRDA:104,5,1,1
BRDA:118,6,0,0
BRDA:118,6,1,5
BRDA:122,7,0,1
BRDA:122,7,1,4
BRDA:131,8,0,1
BRDA:131,8,1,3
BRDA:135,9,0,2
BRDA:135,9,1,1
BRDA:136,10,0,1
BRDA:136,10,1,1
BRDA:145,11,0,1
BRDA:145,11,1,0
BRDA:164,12,0,0
BRDA:164,12,1,5
BRDA:168,13,0,1
BRDA:168,13,1,4
BRDA:177,14,0,1
BRDA:177,14,1,3
BRDA:181,15,0,2
BRDA:181,15,1,1
BRDA:182,16,0,1
BRDA:182,16,1,1
BRDA:191,17,0,1
BRDA:191,17,1,0
BRDA:229,18,0,1
BRDA:229,18,1,1
BRF:38
BRH:29
end_of_record
TN:
SF:helpers\bcrypt.js
FN:3,hashPassword
FN:8,comparePassword
FNF:2
FNH:2
FNDA:12,hashPassword
FNDA:2,comparePassword
DA:1,2
DA:4,12
DA:5,12
DA:9,2
DA:12,2
LF:5
LH:5
BRF:0
BRH:0
end_of_record
TN:
SF:helpers\jwt.js
FN:5,signToken
FN:10,verifyToken
FNF:2
FNH:2
FNDA:10,signToken
FNDA:35,verifyToken
DA:1,2
DA:3,2
DA:6,10
DA:7,10
DA:11,35
DA:15,2
LF:6
LH:6
BRF:0
BRH:0
end_of_record
TN:
SF:middlewares\authentication.js
FN:5,authenTokenMiddleware
FNF:1
FNH:1
FNDA:54,authenTokenMiddleware
DA:1,2
DA:3,2
DA:6,54
DA:7,54
DA:8,54
DA:9,7
DA:11,47
DA:12,47
DA:13,12
DA:15,35
DA:16,23
DA:17,23
DA:18,0
DA:20,23
DA:21,23
DA:23,31
DA:28,2
LF:17
LH:16
BRDA:8,0,0,7
BRDA:8,0,1,47
BRDA:12,1,0,12
BRDA:12,1,1,35
BRDA:17,2,0,0
BRDA:17,2,1,23
BRF:6
BRH:5
end_of_record
TN:
SF:middlewares\authorizationOwner.js
FN:3,authorizationOwner
FNF:1
FNH:1
FNDA:3,authorizationOwner
DA:1,2
DA:4,3
DA:5,3
DA:13,3
DA:14,0
DA:16,3
DA:17,0
DA:19,3
DA:21,0
DA:25,2
LF:10
LH:7
BRDA:13,0,0,0
BRDA:13,0,1,3
BRDA:16,1,0,0
BRDA:16,1,1,3
BRF:4
BRH:2
end_of_record
TN:
SF:middlewares\errorHandler.js
FN:1,errorHandler
FNF:1
FNH:1
FNDA:60,errorHandler
DA:2,60
DA:4,60
DA:5,60
DA:7,60
DA:10,16
DA:11,16
DA:12,16
DA:14,1
DA:15,1
DA:16,1
DA:18,1
DA:19,1
DA:20,1
DA:22,2
DA:23,2
DA:24,2
DA:26,1
DA:27,1
DA:28,1
DA:30,1
DA:31,1
DA:32,1
DA:35,2
DA:36,2
DA:37,2
DA:40,31
DA:41,31
DA:42,31
DA:44,2
DA:45,2
DA:46,2
DA:48,0
DA:49,0
DA:50,0
DA:52,1
DA:53,1
DA:54,1
DA:56,2
DA:57,2
DA:58,2
DA:61,60
DA:64,2
LF:42
LH:39
BRDA:7,0,0,14
BRDA:7,0,1,16
BRDA:7,0,2,1
BRDA:7,0,3,1
BRDA:7,0,4,2
BRDA:7,0,5,1
BRDA:7,0,6,1
BRDA:7,0,7,1
BRDA:7,0,8,2
BRDA:7,0,9,19
BRDA:7,0,10,31
BRDA:7,0,11,2
BRDA:7,0,12,0
BRDA:7,0,13,1
BRDA:7,0,14,2
BRF:15
BRH:14
end_of_record
TN:
SF:models\chat.js
FN:5,(anonymous_0)
FN:12,(anonymous_1)
FNF:2
FNH:2
FNDA:2,(anonymous_0)
FNDA:2,(anonymous_1)
DA:4,2
DA:5,2
DA:14,2
DA:15,2
DA:18,2
DA:25,2
LF:6
LH:6
BRF:0
BRH:0
end_of_record
TN:
SF:models\connection.js
FN:5,(anonymous_0)
FN:12,(anonymous_1)
FNF:2
FNH:2
FNDA:2,(anonymous_0)
FNDA:2,(anonymous_1)
DA:4,2
DA:5,2
DA:14,2
DA:15,2
DA:18,2
DA:26,2
LF:6
LH:6
BRF:0
BRH:0
end_of_record
TN:
SF:models\index.js
FN:21,(anonymous_0)
FN:29,(anonymous_1)
FN:34,(anonymous_2)
FNF:3
FNH:3
FNDA:14,(anonymous_0)
FNDA:12,(anonymous_1)
FNDA:12,(anonymous_2)
DA:3,2
DA:4,2
DA:5,2
DA:6,2
DA:7,2
DA:8,2
DA:9,2
DA:10,2
DA:13,2
DA:14,0
DA:16,2
DA:19,2
DA:22,14
DA:30,12
DA:31,12
DA:34,2
DA:35,12
DA:36,12
DA:40,2
DA:41,2
DA:43,2
LF:21
LH:20
BRDA:8,0,0,2
BRDA:8,0,1,0
BRDA:13,1,0,0
BRDA:13,1,1,2
BRDA:23,2,0,14
BRDA:23,2,1,14
BRDA:23,2,2,12
BRDA:23,2,3,12
BRDA:35,3,0,12
BRDA:35,3,1,0
BRF:10
BRH:7
end_of_record
TN:
SF:models\message.js
FN:5,(anonymous_0)
FN:12,(anonymous_1)
FNF:2
FNH:2
FNDA:2,(anonymous_0)
FNDA:2,(anonymous_1)
DA:4,2
DA:5,2
DA:14,2
DA:15,2
DA:17,2
DA:20,2
DA:29,2
LF:7
LH:7
BRF:0
BRH:0
end_of_record
TN:
SF:models\order.js
FN:5,(anonymous_0)
FN:12,(anonymous_1)
FNF:2
FNH:2
FNDA:2,(anonymous_0)
FNDA:2,(anonymous_1)
DA:4,2
DA:5,2
DA:14,2
DA:17,2
DA:59,2
LF:5
LH:5
BRF:0
BRH:0
end_of_record
TN:
SF:models\user.js
FN:6,(anonymous_0)
FN:13,(anonymous_1)
FN:127,(anonymous_2)
FNF:3
FNH:3
FNDA:2,(anonymous_0)
FNDA:2,(anonymous_1)
FNDA:12,(anonymous_2)
DA:2,2
DA:5,2
DA:6,2
DA:15,2
DA:17,2
DA:18,2
DA:20,2
DA:21,2
DA:23,2
DA:24,2
DA:26,2
DA:29,2
DA:128,12
DA:129,12
DA:130,12
DA:131,12
DA:132,12
DA:136,2
LF:18
LH:18
BRF:0
BRH:0
end_of_record
TN:
SF:models\userprofile.js
FN:5,(anonymous_0)
FN:12,(anonymous_1)
FNF:2
FNH:2
FNDA:2,(anonymous_0)
FNDA:2,(anonymous_1)
DA:4,2
DA:5,2
DA:14,2
DA:17,2
DA:29,2
LF:5
LH:5
BRF:0
BRH:0
end_of_record
TN:
SF:routes\index.js
FN:14,(anonymous_0)
FNF:1
FNH:1
FNDA:1,(anonymous_0)
DA:1,2
DA:2,2
DA:4,2
DA:5,2
DA:6,2
DA:7,2
DA:8,2
DA:9,2
DA:10,2
DA:14,2
DA:15,1
DA:20,2
DA:21,2
DA:22,2
DA:23,2
DA:26,2
DA:28,2
DA:29,2
DA:30,2
DA:31,2
DA:33,2
DA:34,2
DA:36,2
DA:38,2
DA:42,2
DA:43,2
DA:45,2
DA:46,2
DA:50,2
DA:53,2
LF:30
LH:30
BRF:0
BRH:0
end_of_record
